e:\vs projects\facedetection _sg_interact_gui\sggui\x64\release\sggui.pch
e:\vs projects\facedetection _sg_interact_gui\sggui\x64\release\vc140.pdb
e:\vs projects\facedetection _sg_interact_gui\sggui\x64\release\stdafx.obj
e:\vs projects\facedetection _sg_interact_gui\sggui\x64\release\sgguidlg.obj
e:\vs projects\facedetection _sg_interact_gui\sggui\x64\release\sggui.obj
e:\vs projects\facedetection _sg_interact_gui\sggui\x64\release\htpclient.obj
e:\vs projects\facedetection _sg_interact_gui\sggui\x64\release\cvvimage.obj
e:\vs projects\facedetection _sg_interact_gui\x64\release\sggui.exe
e:\vs projects\facedetection _sg_interact_gui\x64\release\sggui.ipdb
e:\vs projects\facedetection _sg_interact_gui\x64\release\sggui.iobj
e:\vs projects\facedetection _sg_interact_gui\x64\release\sggui.pdb
e:\vs projects\facedetection _sg_interact_gui\sggui\x64\release\sggui.res
e:\vs projects\facedetection _sg_interact_gui\sggui\x64\release\sggui.tlog\cl.command.1.tlog
e:\vs projects\facedetection _sg_interact_gui\sggui\x64\release\sggui.tlog\cl.read.1.tlog
e:\vs projects\facedetection _sg_interact_gui\sggui\x64\release\sggui.tlog\cl.write.1.tlog
e:\vs projects\facedetection _sg_interact_gui\sggui\x64\release\sggui.tlog\link.command.1.tlog
e:\vs projects\facedetection _sg_interact_gui\sggui\x64\release\sggui.tlog\link.read.1.tlog
e:\vs projects\facedetection _sg_interact_gui\sggui\x64\release\sggui.tlog\link.write.1.tlog
e:\vs projects\facedetection _sg_interact_gui\sggui\x64\release\sggui.tlog\rc.command.1.tlog
e:\vs projects\facedetection _sg_interact_gui\sggui\x64\release\sggui.tlog\rc.read.1.tlog
e:\vs projects\facedetection _sg_interact_gui\sggui\x64\release\sggui.tlog\rc.write.1.tlog
